27 27.90 233 0.120
21 29.35 245 0.120
39 28.18 236 0.119
29 22.70 205 0.111
26 25.25 228 0.111
32 32.57 244 0.133
34 33.91 255 0.133
25 26.89 212 0.127
15 19.04 150 0.127
26 32.53 257 0.127
31 31.30 248 0.126
23 28.44 238 0.119
22 25.86 216 0.120
33 27.66 244 0.113
41 28.74 237 0.121
39 33.07 288 0.115
32 33.21 290 0.115
22 23.55 207 0.114
20 16.64 133 0.125
31 30.00 240 0.125
39 38.58 312 0.124
36 33.28 293 0.114
43 34.81 303 0.115
32 29.71 245 0.121
37 32.40 283 0.114
48 31.63 255 0.124
23 23.26 205 0.113
10 13.83 114 0.121
8 6.54 57 0.115
22 26.83 217 0.124
25 21.62 191 0.113
44 33.13 289 0.115
27 26.57 219 0.121
29 24.76 200 0.124
38 30.42 268 0.114
28 26.62 232 0.115
19 25.26 208 0.121
27 28.85 223 0.129
23 22.57 175 0.129
10 12.62 98 0.129
10 12.77 99 0.129
38 34.43 304 0.113
50 38.66 337 0.115
38 31.17 257 0.121
30 19.91 161 0.124
34 31.00 242 0.128
24 36.03 323 0.112
30 26.69 233 0.115
33 30.08 241 0.125
29 35.32 316 0.112
35 36.06 315 0.114
36 34.72 278 0.125
27 23.34 183 0.128
26 26.12 204 0.128
38 25.33 226 0.112
20 27.15 237 0.115
29 22.58 180 0.125
26 29.37 230 0.128
24 29.09 260 0.112
28 28.67 250 0.115
37 30.69 240 0.128
43 31.51 282 0.112
20 25.66 229 0.112
32 37.75 337 0.112
54 46.06 411 0.112
30 38.87 347 0.112
34 42.47 379 0.112
53 45.41 406 0.112
42 39.36 351 0.112
23 24.69 180 0.137
41 45.52 407 0.112
46 40.46 285 0.142
35 37.80 304 0.124
54 39.89 321 0.124
48 42.94 383 0.112
32 44.66 399 0.112
40 37.30 333 0.112
32 29.71 265 0.112
29 29.58 264 0.112
30 35.75 319 0.112
46 41.49 370 0.112
42 36.84 329 0.112
32 40.83 364 0.112
40 38.90 347 0.112
27 23.30 208 0.112
38 40.07 358 0.112
36 38.34 342 0.112
41 45.50 406 0.112
35 32.09 285 0.113
37 32.73 291 0.112
35 37.60 336 0.112
32 41.91 374 0.112
50 43.27 386 0.112
37 39.93 357 0.112
44 40.42 361 0.112
47 34.96 278 0.126
43 32.71 292 0.112
30 35.62 318 0.112
29 33.98 303 0.112
14 18.83 168 0.112
33 35.34 316 0.112
32 28.31 253 0.112
28 33.86 302 0.112
23 28.36 253 0.112
23 29.20 261 0.112
30 33.24 297 0.112
19 25.31 226 0.112
27 24.59 220 0.112
26 24.75 221 0.112
49 39.52 353 0.112
36 34.98 312 0.112
33 33.86 303 0.112
22 29.16 259 0.113
29 27.11 242 0.112
31 30.46 272 0.112
15 11.42 93 0.123
27 27.85 231 0.121
28 30.54 246 0.124
25 26.61 221 0.120
34 29.30 239 0.123
10 19.00 158 0.120
27 24.61 198 0.124
5 5.65 47 0.120
28 24.25 197 0.123
16 12.61 105 0.120
36 28.52 232 0.123
32 28.87 239 0.121
56 44.38 361 0.123
34 33.93 281 0.121
21 16.78 135 0.124
31 35.51 289 0.123
28 28.09 233 0.121
19 23.69 193 0.123
35 28.87 240 0.120
35 28.84 235 0.123
36 31.13 258 0.121
40 40.20 327 0.123
20 25.55 212 0.120
27 26.60 216 0.123
36 29.09 242 0.120
34 29.38 239 0.123
28 28.19 235 0.120
8 10.53 86 0.122
25 21.65 172 0.126
35 33.91 282 0.120
30 33.87 276 0.123
37 40.12 333 0.120
47 35.27 293 0.120
35 37.75 306 0.123
39 35.02 291 0.120
40 35.86 292 0.123
18 22.44 187 0.120
44 38.85 317 0.123
42 37.92 316 0.120
41 36.98 299 0.124
35 32.12 234 0.137
42 35.01 283 0.124
25 21.93 160 0.137
32 28.43 232 0.123
35 31.15 259 0.120
33 28.58 232 0.123
31 31.83 264 0.121
40 30.37 247 0.123
32 24.59 201 0.122
19 15.21 121 0.126
31 34.61 287 0.121
36 34.47 281 0.123
31 35.42 295 0.120
36 34.74 283 0.123
45 48.37 402 0.120
46 40.12 327 0.123
11 15.00 125 0.120
13 15.97 130 0.123
19 23.91 195 0.123
23 25.32 202 0.125
21 36.20 301 0.120
53 32.25 262 0.123
35 34.77 290 0.120
46 33.59 273 0.123
44 37.66 313 0.120
30 30.67 250 0.123
22 29.71 247 0.120
22 25.05 201 0.125
36 33.03 269 0.123
25 37.19 309 0.120
40 33.08 269 0.123
42 32.72 272 0.120
34 33.97 277 0.123
29 29.51 245 0.120
31 34.19 279 0.123
26 31.15 259 0.120
37 34.45 281 0.123
15 13.66 111 0.123
18 12.74 106 0.120
